[2021-09-13 10:50:11,672] [INFO] [base._load_session] -> No session loaded
[2021-09-13 10:50:11,674] [INFO] [base._start_message] -> 
                 --------------------------------------------------
                 Starting fuzzing session
                 Target: FileTarget
                 UI: WebInterface listening on 127.0.0.1:26001
                 Log: ./kittylogs/kitty_20210913-105011.log

                 Total possible mutation count: 182
                 --------------------------------------------------
                                 Happy hacking
                 --------------------------------------------------
            
[2021-09-13 10:50:11,676] [INFO] [base.start] -> Performing environment test
[2021-09-13 10:50:11,678] [INFO] [base._test_info] -> Current test: -1
[2021-09-13 10:50:11,679] [INFO] [server.transmit] -> request(32): 5468652064656661756c7420737472696e67416e6f7468657220737472696e67
[2021-09-13 10:50:11,680] [ERROR] [server.transmit] -> target.transmit - failure in send (exception: 'bytes' object has no attribute 'encode')
[2021-09-13 10:50:11,680] [ERROR] [server.transmit] -> Traceback (most recent call last):
  File "D:\windowsSoftware\Anaconda\envs\Kitty\lib\site-packages\kitty\targets\server.py", line 93, in transmit
    self._send_to_target(payload)
  File "D:\windowsSoftware\Anaconda\envs\Kitty\lib\site-packages\katnip\targets\file.py", line 73, in _send_to_target
    self.logger.debug('data (start): %s', data[:end].encode('hex'))
AttributeError: 'bytes' object has no attribute 'encode'

[2021-09-13 10:50:11,682] [WARNING] [base.post_test] -> Test -1 status: failed
[2021-09-13 10:50:11,682] [WARNING] [base.post_test] -> Reason: failed to send payload: 'bytes' object has no attribute 'encode'
[2021-09-13 10:50:11,682] [INFO] [server._test_environment] -> Environment test failed
[2021-09-13 10:50:11,683] [ERROR] [base.start] -> Error occurred while fuzzing: Exception('Environment test failed')
[2021-09-13 10:50:11,684] [ERROR] [base.start] -> Traceback (most recent call last):
  File "D:\windowsSoftware\Anaconda\envs\Kitty\lib\site-packages\kitty\fuzzers\base.py", line 385, in start
    self._test_environment()
  File "D:\windowsSoftware\Anaconda\envs\Kitty\lib\site-packages\kitty\fuzzers\server.py", line 54, in _test_environment
    raise Exception('Environment test failed')
Exception: Environment test failed

